warning: Git tree '/home/yycholla/mysystem' is dirty
building the system configuration...
warning: Git tree '/home/yycholla/mysystem' is dirty
evaluation warning: The option `hardware.pulseaudio' defined in `/nix/store/pn0pqh6p4figqs4wrc5bd4v2x2kg0qch-source/configuration.nix' has been renamed to `services.pulseaudio'.
these 12 derivations will be built:
  /nix/store/xqxkg2bfsr3ijvm2cdk0inrljgrif8bi-hm_kittykitty.conf.drv
  /nix/store/40vrfcxihjia5549ics7wbvsbdc24d4n-activation-script.drv
  /nix/store/8vqahw8kpjqm4r84jvij5jqc24am39lr-home-manager-path.drv
  /nix/store/jvqldqc5hkwgk856lylhny2qar7ibay3-hm_fontconfigconf.d10hmfonts.conf.drv
  /nix/store/m3cr5ppn89dk4vdiv3653b3hbysfs7fz-hm_.zshrc.drv
  /nix/store/b1kpg7cr1h0nk69asyxgbm03j56s7ln5-home-manager-files.drv
  /nix/store/m4iqj5y1dhz4nfnncgaak7vjnl46k9g2-home-manager-generation.drv
  /nix/store/jjn6nzx7pv5idkrcnk5akzzak54wsz4j-unit-home-manager-yycholla.service.drv
  /nix/store/02anjh28pc4ppiv30gcwj9q4yb2scsmh-system-units.drv
  /nix/store/k7dm0j5l6r2qp6xv6x3h4d40ifrnd32z-user-environment.drv
  /nix/store/w8vnxz9c70nb1qh0vfp7fk5hy9655r8a-etc.drv
  /nix/store/4zx4rgifdfhwq1yr0384lcsj1xgl7jbv-nixos-system-yycholla-nix-25.05.20250127.9db2696.drv
this path will be fetched (0.05 MiB download, 0.45 MiB unpacked):
  /nix/store/lc33x8hf5ffxrcsvlr2qifdaz7sczdhp-kitty-themes-0-unstable-2024-08-14
building '/nix/store/8vqahw8kpjqm4r84jvij5jqc24am39lr-home-manager-path.drv'...
copying path '/nix/store/lc33x8hf5ffxrcsvlr2qifdaz7sczdhp-kitty-themes-0-unstable-2024-08-14' from 'https://cache.nixos.org'...
building '/nix/store/m3cr5ppn89dk4vdiv3653b3hbysfs7fz-hm_.zshrc.drv'...
building '/nix/store/xqxkg2bfsr3ijvm2cdk0inrljgrif8bi-hm_kittykitty.conf.drv'...
building '/nix/store/40vrfcxihjia5549ics7wbvsbdc24d4n-activation-script.drv'...
building '/nix/store/jvqldqc5hkwgk856lylhny2qar7ibay3-hm_fontconfigconf.d10hmfonts.conf.drv'...
building '/nix/store/k7dm0j5l6r2qp6xv6x3h4d40ifrnd32z-user-environment.drv'...
building '/nix/store/b1kpg7cr1h0nk69asyxgbm03j56s7ln5-home-manager-files.drv'...
building '/nix/store/m4iqj5y1dhz4nfnncgaak7vjnl46k9g2-home-manager-generation.drv'...
building '/nix/store/jjn6nzx7pv5idkrcnk5akzzak54wsz4j-unit-home-manager-yycholla.service.drv'...
building '/nix/store/02anjh28pc4ppiv30gcwj9q4yb2scsmh-system-units.drv'...
building '/nix/store/w8vnxz9c70nb1qh0vfp7fk5hy9655r8a-etc.drv'...
building '/nix/store/4zx4rgifdfhwq1yr0384lcsj1xgl7jbv-nixos-system-yycholla-nix-25.05.20250127.9db2696.drv'...
activating the configuration...
setting up /etc...
reloading user units for yycholla...
restarting sysinit-reactivation.target
Done. The new configuration is /nix/store/snxzqgjgws0aynj1m66qrsv1nglx3iw6-nixos-system-yycholla-nix-25.05.20250127.9db2696
