warning: Git tree '/home/yycholla/Nixos-Config' is dirty
building the system configuration...
warning: Git tree '/home/yycholla/Nixos-Config' is dirty
evaluation warning: The option `hardware.pulseaudio' defined in `/nix/store/d9as28m7bss3b45302q22793hzdipsqm-source/desktop/configuration.nix' has been renamed to `services.pulseaudio'.
stopping the following units: accounts-daemon.service, xrdp-sesman.service, xrdp.service
activating the configuration...
removing group ‘xrdp’
removing user ‘xrdp’
setting up /etc...
removing obsolete symlink ‘/etc/pam.d/xrdp-sesman’...
removing obsolete symlink ‘/etc/xrdp/km-0000080c.ini’...
removing obsolete symlink ‘/etc/xrdp/km-00000411.ini’...
removing obsolete symlink ‘/etc/xrdp/sesman.ini’...
removing obsolete symlink ‘/etc/xrdp/km-00000407.ini’...
removing obsolete symlink ‘/etc/xrdp/km-0000040c.ini’...
removing obsolete symlink ‘/etc/xrdp/km-00010409.ini’...
removing obsolete symlink ‘/etc/xrdp/km-00000816.ini’...
removing obsolete symlink ‘/etc/xrdp/pulse’...
removing obsolete symlink ‘/etc/xrdp/km-19360409.ini’...
removing obsolete symlink ‘/etc/xrdp/km-00000412.ini’...
removing obsolete symlink ‘/etc/xrdp/km-0000041d.ini’...
removing obsolete symlink ‘/etc/xrdp/km-00000409.ini’...
removing obsolete symlink ‘/etc/xrdp/km-00000414.ini’...
removing obsolete symlink ‘/etc/xrdp/km-00000807.ini’...
removing obsolete symlink ‘/etc/xrdp/reconnectwm.sh’...
removing obsolete symlink ‘/etc/xrdp/km-00000809.ini’...
removing obsolete symlink ‘/etc/xrdp/km-0000040b.ini’...
removing obsolete symlink ‘/etc/xrdp/km-0000080a.ini’...
removing obsolete symlink ‘/etc/xrdp/xrdp.ini’...
removing obsolete symlink ‘/etc/xrdp/km-0000040a.ini’...
removing obsolete symlink ‘/etc/xrdp/km-00000406.ini’...
removing obsolete symlink ‘/etc/xrdp/km-00000410.ini’...
removing obsolete symlink ‘/etc/xrdp/startwm.sh’...
removing obsolete symlink ‘/etc/xrdp/km-00000415.ini’...
removing obsolete symlink ‘/etc/xrdp/km-0000100c.ini’...
removing obsolete symlink ‘/etc/xrdp/km-00000416.ini’...
removing obsolete symlink ‘/etc/xrdp/xrdp_keyboard.ini’...
removing obsolete symlink ‘/etc/xrdp/km-00000813.ini’...
removing obsolete symlink ‘/etc/xrdp/km-00000419.ini’...
reloading user units for yycholla...
restarting sysinit-reactivation.target
reloading the following units: dbus.service, firewall.service
restarting the following units: polkit.service
starting the following units: accounts-daemon.service
the following new units were started: NetworkManager-dispatcher.service, sysinit-reactivation.target, systemd-tmpfiles-resetup.service
Done. The new configuration is /nix/store/njgi1l0gxr58czp29ch6vwmwy3ir10j4-nixos-system-yycholla-nixd-25.05.20250129.9d3ae80
